<?xml version="1.0" encoding="UTF-8"?>
<!-- Generated by org.testng.reporters.JUnitReportReporter -->
<testsuite skipped="0" hostname="DESKTOP-5FCAB7O" name="academy.validateTitle" tests="1" failures="0" timestamp="2019-08-30T03:16:06 EDT" time="0.076" errors="0">
  <testcase name="validateAppTitle" time="0.076" classname="academy.validateTitle"/>
</testsuite> <!-- academy.validateTitle -->
