<?xml version="1.0" encoding="UTF-8"?>
<!-- Generated by org.testng.reporters.JUnitReportReporter -->
<testsuite skipped="0" hostname="DESKTOP-5FCAB7O" name="Seleniumtraining.RESTApiTest" tests="2" failures="0" timestamp="2019-08-27T18:38:04 EDT" time="0.031" errors="0">
  <testcase name="deleteTwitter" time="0.029" classname="Seleniumtraining.RESTApiTest"/>
  <testcase name="posJira" time="0.002" classname="Seleniumtraining.RESTApiTest"/>
</testsuite> <!-- Seleniumtraining.RESTApiTest -->
