<?xml version="1.0" encoding="UTF-8"?>
<!-- Generated by org.testng.reporters.JUnitReportReporter -->
<testsuite skipped="0" hostname="DESKTOP-5FCAB7O" name="Seleniumtraining.AppiumTest" tests="2" failures="0" timestamp="2019-08-27T18:38:04 EDT" time="0.006" errors="0">
  <testcase name="IOSApps" time="0.002" classname="Seleniumtraining.AppiumTest"/>
  <testcase name="nativeAppAndroid" time="0.004" classname="Seleniumtraining.AppiumTest"/>
</testsuite> <!-- Seleniumtraining.AppiumTest -->
