<?xml version="1.0" encoding="UTF-8"?>
<!-- Generated by org.testng.reporters.JUnitReportReporter -->
<testsuite skipped="0" hostname="DESKTOP-5FCAB7O" name="academy.HomePage" tests="2" failures="0" timestamp="2019-08-30T03:20:56 EDT" time="18.995" errors="0">
  <testcase name="basePageNavigation" time="13.522" classname="academy.HomePage"/>
  <testcase name="basePageNavigation" time="5.473" classname="academy.HomePage"/>
</testsuite> <!-- academy.HomePage -->
