<?xml version="1.0" encoding="UTF-8"?>
<!-- Generated by org.testng.reporters.JUnitReportReporter -->
<testsuite hostname="DESKTOP-5FCAB7O" failures="0" tests="3" name="testng.Personalloan" time="0.025" errors="0" timestamp="23 Aug. 2019 22:23:09 GMT" skipped="0">
  <testcase classname="testng.Personalloan" name="Webloginpersonalloan" time="0.007"/>
  <testcase classname="testng.Personalloan" name="Mobileloginpersonalloan" time="0.009"/>
  <testcase classname="testng.Personalloan" name="APIloginpersonalloan" time="0.009"/>
</testsuite> <!-- testng.Personalloan -->
