<?xml version="1.0" encoding="UTF-8"?>
<!-- Generated by org.testng.reporters.JUnitReportReporter -->
<testsuite skipped="0" hostname="DESKTOP-5FCAB7O" name="academy.HomePage" tests="2" failures="0" timestamp="2019-08-30T05:49:52 EDT" time="20.358" errors="0">
  <testcase name="basePageNavigation" time="14.586" classname="academy.HomePage"/>
  <testcase name="basePageNavigation" time="5.772" classname="academy.HomePage"/>
</testsuite> <!-- academy.HomePage -->
