<?xml version="1.0" encoding="UTF-8"?>
<!-- Generated by org.testng.reporters.JUnitReportReporter -->
<testsuite skipped="0" hostname="DESKTOP-5FCAB7O" name="academy.validateNavigationBar" tests="1" failures="0" timestamp="2019-08-30T05:49:52 EDT" time="0.147" errors="0">
  <testcase name="validateAppNavBar" time="0.147" classname="academy.validateNavigationBar"/>
</testsuite> <!-- academy.validateNavigationBar -->
