<?xml version="1.0" encoding="UTF-8"?>
<!-- Generated by org.testng.reporters.JUnitReportReporter -->
<testsuite hostname="DESKTOP-5FCAB7O" failures="0" tests="6" name="testng.Personalloan" time="0.021" errors="0" timestamp="28 Aug. 2019 09:24:57 GMT" skipped="0">
  <testcase classname="testng.Personalloan" name="Webloginpersonalloan" time="0.003"/>
  <testcase classname="testng.Personalloan" name="APIloginPersonalloan" time="0.007"/>
  <testcase classname="testng.Personalloan" name="APIloginPersonalloan" time="0.002"/>
  <testcase classname="testng.Personalloan" name="APIloginpersonalloan" time="0.003"/>
  <testcase classname="testng.Personalloan" name="Mobileloginpersonalloan" time="0.004"/>
  <testcase classname="testng.Personalloan" name="APIloginPersonalloan" time="0.002"/>
</testsuite> <!-- testng.Personalloan -->
