<?xml version="1.0" encoding="UTF-8"?>
<!-- Generated by org.testng.reporters.JUnitReportReporter -->
<testsuite hostname="DESKTOP-5FCAB7O" failures="0" tests="6" name="testng.Personalloan" time="0.050" errors="0" timestamp="24 Aug. 2019 01:47:43 GMT" skipped="0">
  <testcase classname="testng.Personalloan" name="APIloginPersonalloan" time="0.006"/>
  <testcase classname="testng.Personalloan" name="APIloginpersonalloan" time="0.005"/>
  <testcase classname="testng.Personalloan" name="Mobileloginpersonalloan" time="0.012"/>
  <testcase classname="testng.Personalloan" name="Webloginpersonalloan" time="0.002"/>
  <testcase classname="testng.Personalloan" name="APIloginPersonalloan" time="0.018"/>
  <testcase classname="testng.Personalloan" name="APIloginPersonalloan" time="0.007"/>
</testsuite> <!-- testng.Personalloan -->
