<?xml version="1.0" encoding="UTF-8"?>
<!-- Generated by org.testng.reporters.JUnitReportReporter -->
<testsuite hostname="DESKTOP-5FCAB7O" failures="0" tests="3" name="testng.homeloan" time="0.028" errors="0" timestamp="23 Aug. 2019 22:23:09 GMT" skipped="0">
  <testcase classname="testng.homeloan" name="APIloginhomeloan" time="0.007"/>
  <testcase classname="testng.homeloan" name="Webloginhomeloan" time="0.006"/>
  <testcase classname="testng.homeloan" name="Mobileloginhomeloan" time="0.015"/>
</testsuite> <!-- testng.homeloan -->
