<?xml version="1.0" encoding="UTF-8"?>
<!-- Generated by org.testng.reporters.JUnitReportReporter -->
<testsuite hostname="DESKTOP-5FCAB7O" failures="0" tests="1" name="testng.Testbase" time="8.277" errors="0" timestamp="24 Aug. 2019 03:46:03 GMT" skipped="0">
  <testcase classname="testng.Testbase" name="Login" time="8.277"/>
</testsuite> <!-- testng.Testbase -->
