<?xml version="1.0" encoding="UTF-8"?>
<!-- Generated by org.testng.reporters.JUnitReportReporter -->
<testsuite hostname="DESKTOP-5FCAB7O" failures="0" tests="2" name="testng.Carloan" time="0.020" errors="0" timestamp="23 Aug. 2019 22:23:09 GMT" skipped="0">
  <testcase classname="testng.Carloan" name="Weblogincarloan" time="0.004"/>
  <testcase classname="testng.Carloan" name="APIlogincarloan" time="0.016"/>
</testsuite> <!-- testng.Carloan -->
