<?xml version="1.0" encoding="UTF-8"?>
<!-- Generated by org.testng.reporters.JUnitReportReporter -->
<testsuite hostname="DESKTOP-5FCAB7O" failures="0" tests="1" name="objectpattern.Loginapplication" time="21.165" errors="0" timestamp="28 Aug. 2019 05:15:48 GMT" skipped="0">
  <testcase classname="objectpattern.Loginapplication" name="Login" time="21.165"/>
</testsuite> <!-- objectpattern.Loginapplication -->
