<?xml version="1.0" encoding="UTF-8"?>
<!-- Generated by org.testng.reporters.JUnitReportReporter -->
<testsuite hostname="DESKTOP-5FCAB7O" failures="0" tests="3" name="testng.Jewelloan" time="0.010" errors="0" timestamp="23 Aug. 2019 08:04:11 GMT" skipped="0">
  <testcase classname="testng.Jewelloan" name="Webloginjewelloan" time="0.005"/>
  <testcase classname="testng.Jewelloan" name="APIloginjewelloan" time="0.002"/>
  <testcase classname="testng.Jewelloan" name="Mobileloginjewelloan" time="0.003"/>
</testsuite> <!-- testng.Jewelloan -->
