<?xml version="1.0" encoding="UTF-8"?>
<!-- Generated by org.testng.reporters.JUnitReportReporter -->
<testsuite hostname="DESKTOP-5FCAB7O" failures="0" tests="1" name="pageobjectpattern.LoginapplicationPF" time="33.121" errors="0" timestamp="28 Aug. 2019 08:50:13 GMT" skipped="0">
  <testcase classname="pageobjectpattern.LoginapplicationPF" name="Login" time="33.121"/>
</testsuite> <!-- pageobjectpattern.LoginapplicationPF -->
