<?xml version="1.0" encoding="UTF-8"?>
<!-- Generated by org.testng.reporters.JUnitReportReporter -->
<testsuite hostname="DESKTOP-5FCAB7O" failures="0" tests="1" name="testng.Globalparameter" time="0.026" errors="0" timestamp="24 Aug. 2019 03:40:24 GMT" skipped="0">
  <testcase classname="testng.Globalparameter" name="Login" time="0.026"/>
</testsuite> <!-- testng.Globalparameter -->
