<?xml version="1.0" encoding="UTF-8"?>
<!-- Generated by org.testng.reporters.JUnitReportReporter -->
<testsuite hostname="DESKTOP-5FCAB7O" failures="0" tests="3" name="testng.Jewelloan" time="0.008" errors="0" timestamp="24 Aug. 2019 01:42:07 GMT" skipped="0">
  <testcase classname="testng.Jewelloan" name="Mobileloginjewelloan" time="0.003"/>
  <testcase classname="testng.Jewelloan" name="APIloginjewelloan" time="0.003"/>
  <testcase classname="testng.Jewelloan" name="Webloginjewelloan" time="0.002"/>
</testsuite> <!-- testng.Jewelloan -->
