<?xml version="1.0" encoding="UTF-8"?>
<!-- Generated by org.testng.reporters.JUnitReportReporter -->
<testsuite hostname="DESKTOP-5FCAB7O" failures="0" tests="3" name="testng.homeloan" time="0.007" errors="0" timestamp="24 Aug. 2019 05:51:18 GMT" skipped="0">
  <testcase classname="testng.homeloan" name="Webloginhomeloan" time="0.003"/>
  <testcase classname="testng.homeloan" name="APIloginhomeloan" time="0.002"/>
  <testcase classname="testng.homeloan" name="Mobileloginhomeloan" time="0.002"/>
</testsuite> <!-- testng.homeloan -->
