<?xml version="1.0" encoding="UTF-8"?>
<!-- Generated by org.testng.reporters.JUnitReportReporter -->
<testsuite hostname="DESKTOP-5FCAB7O" failures="0" tests="1" name="testng.homeloan" time="0.003" errors="0" timestamp="23 Aug. 2019 22:46:37 GMT" skipped="0">
  <testcase classname="testng.homeloan" name="Mobileloginhomeloan" time="0.003"/>
</testsuite> <!-- testng.homeloan -->
