<?xml version="1.0" encoding="UTF-8"?>
<!-- Generated by org.testng.reporters.JUnitReportReporter -->
<testsuite hostname="DESKTOP-5FCAB7O" failures="0" tests="2" name="testng.Carloan" time="0.007" errors="0" timestamp="24 Aug. 2019 05:51:18 GMT" skipped="1">
  <testcase classname="testng.Carloan" name="APIlogincarloan" time="0.007"/>
  <testcase classname="testng.Carloan" name="Weblogincarloan">
    <skipped/>
  </testcase> <!-- Weblogincarloan -->
</testsuite> <!-- testng.Carloan -->
