<?xml version="1.0" encoding="UTF-8"?>
<!-- Generated by org.testng.reporters.JUnitReportReporter -->
<testsuite hostname="DESKTOP-5FCAB7O" failures="0" tests="3" name="testng.Carloan" time="0.015" errors="0" timestamp="23 Aug. 2019 08:04:11 GMT" skipped="0">
  <testcase classname="testng.Carloan" name="Mobilelogincarloan" time="0.003"/>
  <testcase classname="testng.Carloan" name="APIlogincarloan" time="0.009"/>
  <testcase classname="testng.Carloan" name="Weblogincarloan" time="0.003"/>
</testsuite> <!-- testng.Carloan -->
