<?xml version="1.0" encoding="UTF-8"?>
<!-- Generated by org.testng.reporters.JUnitReportReporter -->
<testsuite hostname="DESKTOP-5FCAB7O" failures="0" tests="1" name="testng.Jewelloan" time="0.002" errors="0" timestamp="24 Aug. 2019 05:51:18 GMT" skipped="0">
  <testcase classname="testng.Jewelloan" name="APIloginjewelloan" time="0.002"/>
</testsuite> <!-- testng.Jewelloan -->
