<?xml version="1.0" encoding="UTF-8"?>
<!-- Generated by org.testng.reporters.JUnitReportReporter -->
<testsuite hostname="DESKTOP-5FCAB7O" failures="0" tests="6" name="testng.Personalloan" time="0.028" errors="0" timestamp="24 Aug. 2019 05:51:18 GMT" skipped="0">
  <testcase classname="testng.Personalloan" name="APIloginPersonalloan" time="0.006"/>
  <testcase classname="testng.Personalloan" name="APIloginPersonalloan" time="0.004"/>
  <testcase classname="testng.Personalloan" name="APIloginpersonalloan" time="0.002"/>
  <testcase classname="testng.Personalloan" name="Mobileloginpersonalloan" time="0.005"/>
  <testcase classname="testng.Personalloan" name="Webloginpersonalloan" time="0.002"/>
  <testcase classname="testng.Personalloan" name="APIloginPersonalloan" time="0.009"/>
</testsuite> <!-- testng.Personalloan -->
