<?xml version="1.0" encoding="UTF-8"?>
<!-- Generated by org.testng.reporters.JUnitReportReporter -->
<testsuite hostname="DESKTOP-5FCAB7O" failures="0" tests="2" name="testng.Testng1" time="0.025" errors="0" timestamp="21 Aug. 2019 09:01:59 GMT" skipped="0">
  <testcase classname="testng.Testng1" name="Demo1" time="0.004"/>
  <testcase classname="testng.Testng1" name="Demo" time="0.021"/>
</testsuite> <!-- testng.Testng1 -->
