<?xml version="1.0" encoding="UTF-8"?>
<!-- Generated by org.testng.reporters.JUnitReportReporter -->
<testsuite hostname="DESKTOP-5FCAB7O" failures="0" tests="1" name="testng.Globalparameter" time="0.012" errors="0" timestamp="28 Aug. 2019 09:32:06 GMT" skipped="0">
  <testcase classname="testng.Globalparameter" name="Login" time="0.012"/>
</testsuite> <!-- testng.Globalparameter -->
