<?xml version="1.0" encoding="UTF-8"?>
<!-- Generated by org.testng.reporters.JUnitReportReporter -->
<testsuite hostname="DESKTOP-5FCAB7O" failures="0" tests="1" name="testng.Jewelloan" time="0.006" errors="0" timestamp="23 Aug. 2019 22:46:37 GMT" skipped="0">
  <testcase classname="testng.Jewelloan" name="Webloginjewelloan" time="0.006"/>
</testsuite> <!-- testng.Jewelloan -->
