<?xml version="1.0" encoding="UTF-8"?>
<!-- Generated by org.testng.reporters.JUnitReportReporter -->
<testsuite hostname="DESKTOP-5FCAB7O" failures="0" tests="3" name="testng.homeloan" time="0.012" errors="0" timestamp="24 Aug. 2019 01:42:07 GMT" skipped="0">
  <testcase classname="testng.homeloan" name="Webloginhomeloan" time="0.002"/>
  <testcase classname="testng.homeloan" name="APIloginhomeloan" time="0.002"/>
  <testcase classname="testng.homeloan" name="Mobileloginhomeloan" time="0.008"/>
</testsuite> <!-- testng.homeloan -->
