<?xml version="1.0" encoding="UTF-8"?>
<!-- Generated by org.testng.reporters.JUnitReportReporter -->
<testsuite hostname="DESKTOP-5FCAB7O" failures="0" tests="3" name="testng.Carloan" time="0.019" errors="0" timestamp="24 Aug. 2019 02:30:01 GMT" skipped="1">
  <testcase classname="testng.Carloan" name="APIlogincarloan" time="0.014"/>
  <testcase classname="testng.Carloan" name="Mobilelogincarloan" time="0.005"/>
  <testcase classname="testng.Carloan" name="Weblogincarloan">
    <skipped/>
  </testcase> <!-- Weblogincarloan -->
</testsuite> <!-- testng.Carloan -->
