<?xml version="1.0" encoding="UTF-8"?>
<!-- Generated by org.testng.reporters.JUnitReportReporter -->
<testsuite hostname="DESKTOP-5FCAB7O" failures="0" tests="2" name="testng.Demo1" time="0.032" errors="0" timestamp="21 Aug. 2019 09:17:31 GMT" skipped="0">
  <testcase classname="testng.Demo1" name="Test2" time="0.004"/>
  <testcase classname="testng.Demo1" name="Test1" time="0.028"/>
</testsuite> <!-- testng.Demo1 -->
