<?xml version="1.0" encoding="UTF-8"?>
<!-- Generated by org.testng.reporters.JUnitReportReporter -->
<testsuite hostname="DESKTOP-5FCAB7O" failures="0" tests="1" name="academy.validateNavigationBar" time="0.202" errors="0" timestamp="30 Aug 2019 05:35:56 GMT">
  <testcase classname="academy.validateNavigationBar" name="validateAppNavBar" time="0.202"/>
</testsuite> <!-- academy.validateNavigationBar -->
