<?xml version="1.0" encoding="UTF-8"?>
<!-- Generated by org.testng.reporters.JUnitReportReporter -->
<testsuite hostname="DESKTOP-5FCAB7O" failures="0" tests="3" name="academy.HomePage" time="17.678" errors="0" timestamp="30 Aug 2019 05:35:56 GMT">
  <testcase classname="academy.HomePage" name="basePageNavigation" time="4.895"/>
  <testcase classname="academy.HomePage" name="basePageNavigation" time="4.892"/>
  <testcase classname="academy.HomePage" name="basePageNavigation" time="7.891"/>
</testsuite> <!-- academy.HomePage -->
