<?xml version="1.0" encoding="UTF-8"?>
<!-- Generated by org.testng.reporters.JUnitReportReporter -->
<testsuite skipped="0" hostname="DESKTOP-5FCAB7O" name="academy.HomePage" tests="1" failures="0" timestamp="2019-08-28T05:30:36 EDT" time="4.970" errors="0">
  <testcase name="basePagenavigation" time="4.970" classname="academy.HomePage"/>
</testsuite> <!-- academy.HomePage -->
